<?xml version="1.0" encoding="UTF-8"?>
<!-- Generated by org.testng.reporters.JUnitXMLReporter -->
<testsuite hostname="Nayananks-MacBook-Air.local" ignored="0" name="android-automation-test-suite" tests="11" failures="1" timestamp="18 Mar 2019 15:57:58 GMT" time="185.174" errors="0">
  <testcase name="testOvenAccelaHeatCycle" time="5.313" classname="tests.KenmoreOvenProductTest"/>
  <testcase name="testOvenBakeCycle" time="6.685" classname="tests.KenmoreOvenProductTest"/>
  <testcase name="testOvenBakeCycleStopUsingLocator" time="62.444" classname="tests.KenmoreOvenProductTest"/>
  <testcase name="testOvenConventionBakeCycle" time="5.651" classname="tests.KenmoreOvenProductTest"/>
  <testcase name="testOvenConventionRoastCycle" time="5.083" classname="tests.KenmoreOvenProductTest"/>
  <testcase name="testOvenModeListDisplayed" time="4.138" classname="tests.KenmoreOvenProductTest"/>
  <testcase name="testOvenOfflineScenario" time="0.932" classname="tests.KenmoreOvenProductTest"/>
  <testcase name="testOvenOnlineScenario" time="2.108" classname="tests.KenmoreOvenProductTest"/>
  <testcase name="testOvenSlowCookHiCycle" time="4.676" classname="tests.KenmoreOvenProductTest"/>
  <testcase name="testOvenSlowCookLoCycle" time="4.767" classname="tests.KenmoreOvenProductTest">
    <failure type="java.lang.AssertionError" message="expected [Slow Cook Lo] but found [Slow Cook Low]">
      <![CDATA[java.lang.AssertionError: expected [Slow Cook Lo] but found [Slow Cook Low]
at tests.KenmoreOvenProductTest.testOvenSlowCookLoCycle(KenmoreOvenProductTest.java:273)
... Removed 30 stack frames]]>
    </failure>
  </testcase> <!-- testOvenSlowCookLoCycle -->
  <testcase name="testOvenWarmAndHoldCycle" time="5.415" classname="tests.KenmoreOvenProductTest"/>
</testsuite> <!-- android-automation-test-suite -->
