<?xml version="1.0" encoding="UTF-8"?>
<testng-results skipped="0" failed="1" ignored="0" total="11" passed="10">
  <reporter-output>
  </reporter-output>
  <suite name="Default Suite" duration-ms="185174" started-at="2019-03-18T15:54:47Z" finished-at="2019-03-18T15:57:53Z">
    <groups>
    </groups>
    <test name="android-automation-test-suite" duration-ms="185174" started-at="2019-03-18T15:54:47Z" finished-at="2019-03-18T15:57:53Z">
      <class name="tests.KenmoreOvenProductTest">
        <test-method status="PASS" signature="initializeSuite()[pri:0, instance:tests.KenmoreOvenProductTest@5056dfcb]" name="initializeSuite" is-config="true" duration-ms="7848" started-at="2019-03-18T15:54:47Z" finished-at="2019-03-18T15:54:55Z">
          <reporter-output>
          </reporter-output>
        </test-method> <!-- initializeSuite -->
        <test-method status="PASS" signature="testOvenAccelaHeatCycle()[pri:0, instance:tests.KenmoreOvenProductTest@5056dfcb]" name="testOvenAccelaHeatCycle" duration-ms="5313" started-at="2019-03-18T15:54:55Z" finished-at="2019-03-18T15:55:01Z">
          <reporter-output>
          </reporter-output>
        </test-method> <!-- testOvenAccelaHeatCycle -->
        <test-method status="PASS" signature="TeardownTest()[pri:0, instance:tests.KenmoreOvenProductTest@5056dfcb]" name="TeardownTest" is-config="true" duration-ms="611" started-at="2019-03-18T15:55:01Z" finished-at="2019-03-18T15:55:01Z">
          <reporter-output>
          </reporter-output>
        </test-method> <!-- TeardownTest -->
        <test-method status="PASS" signature="initializeSuite()[pri:0, instance:tests.KenmoreOvenProductTest@5056dfcb]" name="initializeSuite" is-config="true" duration-ms="5446" started-at="2019-03-18T15:55:01Z" finished-at="2019-03-18T15:55:07Z">
          <reporter-output>
          </reporter-output>
        </test-method> <!-- initializeSuite -->
        <test-method status="PASS" signature="testOvenBakeCycle()[pri:0, instance:tests.KenmoreOvenProductTest@5056dfcb]" name="testOvenBakeCycle" duration-ms="6685" started-at="2019-03-18T15:55:07Z" finished-at="2019-03-18T15:55:13Z">
          <reporter-output>
          </reporter-output>
        </test-method> <!-- testOvenBakeCycle -->
        <test-method status="PASS" signature="TeardownTest()[pri:0, instance:tests.KenmoreOvenProductTest@5056dfcb]" name="TeardownTest" is-config="true" duration-ms="639" started-at="2019-03-18T15:55:13Z" finished-at="2019-03-18T15:55:14Z">
          <reporter-output>
          </reporter-output>
        </test-method> <!-- TeardownTest -->
        <test-method status="PASS" signature="initializeSuite()[pri:0, instance:tests.KenmoreOvenProductTest@5056dfcb]" name="initializeSuite" is-config="true" duration-ms="5077" started-at="2019-03-18T15:55:14Z" finished-at="2019-03-18T15:55:19Z">
          <reporter-output>
          </reporter-output>
        </test-method> <!-- initializeSuite -->
        <test-method status="PASS" signature="testOvenBakeCycleStopUsingLocator()[pri:0, instance:tests.KenmoreOvenProductTest@5056dfcb]" name="testOvenBakeCycleStopUsingLocator" duration-ms="62444" started-at="2019-03-18T15:55:19Z" finished-at="2019-03-18T15:56:21Z">
          <reporter-output>
          </reporter-output>
        </test-method> <!-- testOvenBakeCycleStopUsingLocator -->
        <test-method status="PASS" signature="TeardownTest()[pri:0, instance:tests.KenmoreOvenProductTest@5056dfcb]" name="TeardownTest" is-config="true" duration-ms="641" started-at="2019-03-18T15:56:21Z" finished-at="2019-03-18T15:56:22Z">
          <reporter-output>
          </reporter-output>
        </test-method> <!-- TeardownTest -->
        <test-method status="PASS" signature="initializeSuite()[pri:0, instance:tests.KenmoreOvenProductTest@5056dfcb]" name="initializeSuite" is-config="true" duration-ms="7258" started-at="2019-03-18T15:56:22Z" finished-at="2019-03-18T15:56:29Z">
          <reporter-output>
          </reporter-output>
        </test-method> <!-- initializeSuite -->
        <test-method status="PASS" signature="testOvenConventionBakeCycle()[pri:0, instance:tests.KenmoreOvenProductTest@5056dfcb]" name="testOvenConventionBakeCycle" duration-ms="5651" started-at="2019-03-18T15:56:29Z" finished-at="2019-03-18T15:56:35Z">
          <reporter-output>
          </reporter-output>
        </test-method> <!-- testOvenConventionBakeCycle -->
        <test-method status="PASS" signature="TeardownTest()[pri:0, instance:tests.KenmoreOvenProductTest@5056dfcb]" name="TeardownTest" is-config="true" duration-ms="591" started-at="2019-03-18T15:56:35Z" finished-at="2019-03-18T15:56:36Z">
          <reporter-output>
          </reporter-output>
        </test-method> <!-- TeardownTest -->
        <test-method status="PASS" signature="initializeSuite()[pri:0, instance:tests.KenmoreOvenProductTest@5056dfcb]" name="initializeSuite" is-config="true" duration-ms="5630" started-at="2019-03-18T15:56:36Z" finished-at="2019-03-18T15:56:41Z">
          <reporter-output>
          </reporter-output>
        </test-method> <!-- initializeSuite -->
        <test-method status="PASS" signature="testOvenConventionRoastCycle()[pri:0, instance:tests.KenmoreOvenProductTest@5056dfcb]" name="testOvenConventionRoastCycle" duration-ms="5083" started-at="2019-03-18T15:56:41Z" finished-at="2019-03-18T15:56:46Z">
          <reporter-output>
          </reporter-output>
        </test-method> <!-- testOvenConventionRoastCycle -->
        <test-method status="PASS" signature="TeardownTest()[pri:0, instance:tests.KenmoreOvenProductTest@5056dfcb]" name="TeardownTest" is-config="true" duration-ms="653" started-at="2019-03-18T15:56:46Z" finished-at="2019-03-18T15:56:47Z">
          <reporter-output>
          </reporter-output>
        </test-method> <!-- TeardownTest -->
        <test-method status="PASS" signature="initializeSuite()[pri:0, instance:tests.KenmoreOvenProductTest@5056dfcb]" name="initializeSuite" is-config="true" duration-ms="5325" started-at="2019-03-18T15:56:47Z" finished-at="2019-03-18T15:56:52Z">
          <reporter-output>
          </reporter-output>
        </test-method> <!-- initializeSuite -->
        <test-method status="PASS" signature="testOvenModeListDisplayed()[pri:0, instance:tests.KenmoreOvenProductTest@5056dfcb]" name="testOvenModeListDisplayed" duration-ms="4138" started-at="2019-03-18T15:56:52Z" finished-at="2019-03-18T15:56:56Z">
          <reporter-output>
          </reporter-output>
        </test-method> <!-- testOvenModeListDisplayed -->
        <test-method status="PASS" signature="TeardownTest()[pri:0, instance:tests.KenmoreOvenProductTest@5056dfcb]" name="TeardownTest" is-config="true" duration-ms="568" started-at="2019-03-18T15:56:56Z" finished-at="2019-03-18T15:56:57Z">
          <reporter-output>
          </reporter-output>
        </test-method> <!-- TeardownTest -->
        <test-method status="PASS" signature="initializeSuite()[pri:0, instance:tests.KenmoreOvenProductTest@5056dfcb]" name="initializeSuite" is-config="true" duration-ms="5435" started-at="2019-03-18T15:56:57Z" finished-at="2019-03-18T15:57:02Z">
          <reporter-output>
          </reporter-output>
        </test-method> <!-- initializeSuite -->
        <test-method status="PASS" signature="testOvenOfflineScenario()[pri:0, instance:tests.KenmoreOvenProductTest@5056dfcb]" name="testOvenOfflineScenario" duration-ms="932" started-at="2019-03-18T15:57:02Z" finished-at="2019-03-18T15:57:03Z">
          <reporter-output>
          </reporter-output>
        </test-method> <!-- testOvenOfflineScenario -->
        <test-method status="PASS" signature="TeardownTest()[pri:0, instance:tests.KenmoreOvenProductTest@5056dfcb]" name="TeardownTest" is-config="true" duration-ms="552" started-at="2019-03-18T15:57:03Z" finished-at="2019-03-18T15:57:04Z">
          <reporter-output>
          </reporter-output>
        </test-method> <!-- TeardownTest -->
        <test-method status="PASS" signature="initializeSuite()[pri:0, instance:tests.KenmoreOvenProductTest@5056dfcb]" name="initializeSuite" is-config="true" duration-ms="6500" started-at="2019-03-18T15:57:04Z" finished-at="2019-03-18T15:57:10Z">
          <reporter-output>
          </reporter-output>
        </test-method> <!-- initializeSuite -->
        <test-method status="PASS" signature="testOvenOnlineScenario()[pri:0, instance:tests.KenmoreOvenProductTest@5056dfcb]" name="testOvenOnlineScenario" duration-ms="2108" started-at="2019-03-18T15:57:10Z" finished-at="2019-03-18T15:57:12Z">
          <reporter-output>
          </reporter-output>
        </test-method> <!-- testOvenOnlineScenario -->
        <test-method status="PASS" signature="TeardownTest()[pri:0, instance:tests.KenmoreOvenProductTest@5056dfcb]" name="TeardownTest" is-config="true" duration-ms="621" started-at="2019-03-18T15:57:12Z" finished-at="2019-03-18T15:57:13Z">
          <reporter-output>
          </reporter-output>
        </test-method> <!-- TeardownTest -->
        <test-method status="PASS" signature="initializeSuite()[pri:0, instance:tests.KenmoreOvenProductTest@5056dfcb]" name="initializeSuite" is-config="true" duration-ms="6038" started-at="2019-03-18T15:57:13Z" finished-at="2019-03-18T15:57:19Z">
          <reporter-output>
          </reporter-output>
        </test-method> <!-- initializeSuite -->
        <test-method status="PASS" signature="testOvenSlowCookHiCycle()[pri:0, instance:tests.KenmoreOvenProductTest@5056dfcb]" name="testOvenSlowCookHiCycle" duration-ms="4676" started-at="2019-03-18T15:57:19Z" finished-at="2019-03-18T15:57:24Z">
          <reporter-output>
          </reporter-output>
        </test-method> <!-- testOvenSlowCookHiCycle -->
        <test-method status="PASS" signature="TeardownTest()[pri:0, instance:tests.KenmoreOvenProductTest@5056dfcb]" name="TeardownTest" is-config="true" duration-ms="592" started-at="2019-03-18T15:57:24Z" finished-at="2019-03-18T15:57:24Z">
          <reporter-output>
          </reporter-output>
        </test-method> <!-- TeardownTest -->
        <test-method status="PASS" signature="initializeSuite()[pri:0, instance:tests.KenmoreOvenProductTest@5056dfcb]" name="initializeSuite" is-config="true" duration-ms="5752" started-at="2019-03-18T15:57:24Z" finished-at="2019-03-18T15:57:30Z">
          <reporter-output>
          </reporter-output>
        </test-method> <!-- initializeSuite -->
        <test-method status="FAIL" signature="testOvenSlowCookLoCycle()[pri:0, instance:tests.KenmoreOvenProductTest@5056dfcb]" name="testOvenSlowCookLoCycle" duration-ms="4767" started-at="2019-03-18T15:57:30Z" finished-at="2019-03-18T15:57:35Z">
          <exception class="java.lang.AssertionError">
            <message>
              <![CDATA[expected [Slow Cook Lo] but found [Slow Cook Low]]]>
            </message>
            <full-stacktrace>
              <![CDATA[java.lang.AssertionError: expected [Slow Cook Lo] but found [Slow Cook Low]
at org.testng.Assert.fail(Assert.java:96)
at org.testng.Assert.failNotEquals(Assert.java:776)
at org.testng.Assert.assertEqualsImpl(Assert.java:137)
at org.testng.Assert.assertEquals(Assert.java:118)
at org.testng.Assert.assertEquals(Assert.java:453)
at org.testng.Assert.assertEquals(Assert.java:463)
at tests.KenmoreOvenProductTest.testOvenSlowCookLoCycle(KenmoreOvenProductTest.java:273)
at sun.reflect.NativeMethodAccessorImpl.invoke0(Native Method)
at sun.reflect.NativeMethodAccessorImpl.invoke(NativeMethodAccessorImpl.java:62)
at sun.reflect.DelegatingMethodAccessorImpl.invoke(DelegatingMethodAccessorImpl.java:43)
at java.lang.reflect.Method.invoke(Method.java:498)
at org.testng.internal.MethodInvocationHelper.invokeMethod(MethodInvocationHelper.java:124)
at org.testng.internal.Invoker.invokeMethod(Invoker.java:583)
at org.testng.internal.Invoker.invokeTestMethod(Invoker.java:719)
at org.testng.internal.Invoker.invokeTestMethods(Invoker.java:989)
at org.testng.internal.TestMethodWorker.invokeTestMethods(TestMethodWorker.java:125)
at org.testng.internal.TestMethodWorker.run(TestMethodWorker.java:109)
at org.testng.TestRunner.privateRun(TestRunner.java:648)
at org.testng.TestRunner.run(TestRunner.java:505)
at org.testng.SuiteRunner.runTest(SuiteRunner.java:455)
at org.testng.SuiteRunner.runSequentially(SuiteRunner.java:450)
at org.testng.SuiteRunner.privateRun(SuiteRunner.java:415)
at org.testng.SuiteRunner.run(SuiteRunner.java:364)
at org.testng.SuiteRunnerWorker.runSuite(SuiteRunnerWorker.java:52)
at org.testng.SuiteRunnerWorker.run(SuiteRunnerWorker.java:84)
at org.testng.TestNG.runSuitesSequentially(TestNG.java:1208)
at org.testng.TestNG.runSuitesLocally(TestNG.java:1137)
at org.testng.TestNG.runSuites(TestNG.java:1049)
at org.testng.TestNG.run(TestNG.java:1017)
at org.testng.IDEARemoteTestNG.run(IDEARemoteTestNG.java:72)
at org.testng.RemoteTestNGStarter.main(RemoteTestNGStarter.java:123)
]]>
            </full-stacktrace>
          </exception> <!-- java.lang.AssertionError -->
          <reporter-output>
          </reporter-output>
        </test-method> <!-- testOvenSlowCookLoCycle -->
        <test-method status="PASS" signature="TeardownTest()[pri:0, instance:tests.KenmoreOvenProductTest@5056dfcb]" name="TeardownTest" is-config="true" duration-ms="752" started-at="2019-03-18T15:57:38Z" finished-at="2019-03-18T15:57:39Z">
          <reporter-output>
          </reporter-output>
        </test-method> <!-- TeardownTest -->
        <test-method status="PASS" signature="initializeSuite()[pri:0, instance:tests.KenmoreOvenProductTest@5056dfcb]" name="initializeSuite" is-config="true" duration-ms="7334" started-at="2019-03-18T15:57:39Z" finished-at="2019-03-18T15:57:47Z">
          <reporter-output>
          </reporter-output>
        </test-method> <!-- initializeSuite -->
        <test-method status="PASS" signature="testOvenWarmAndHoldCycle()[pri:0, instance:tests.KenmoreOvenProductTest@5056dfcb]" name="testOvenWarmAndHoldCycle" duration-ms="5415" started-at="2019-03-18T15:57:47Z" finished-at="2019-03-18T15:57:52Z">
          <reporter-output>
          </reporter-output>
        </test-method> <!-- testOvenWarmAndHoldCycle -->
        <test-method status="PASS" signature="TeardownTest()[pri:0, instance:tests.KenmoreOvenProductTest@5056dfcb]" name="TeardownTest" is-config="true" duration-ms="568" started-at="2019-03-18T15:57:52Z" finished-at="2019-03-18T15:57:53Z">
          <reporter-output>
          </reporter-output>
        </test-method> <!-- TeardownTest -->
      </class> <!-- tests.KenmoreOvenProductTest -->
    </test> <!-- android-automation-test-suite -->
  </suite> <!-- Default Suite -->
</testng-results>
