<?xml version="1.0" encoding="UTF-8"?>
<!-- Generated by org.testng.reporters.JUnitReportReporter -->
<testsuite skipped="0" hostname="Nayananks-MacBook-Air.local" name="tests.KenmoreOvenProductTest" tests="11" failures="1" timestamp="18 Mar 2019 15:57:58 GMT" time="181.643" errors="0">
  <testcase name="testOvenAccelaHeatCycle" time="11.633" classname="tests.KenmoreOvenProductTest"/>
  <testcase name="testOvenOnlineScenario" time="9.160" classname="tests.KenmoreOvenProductTest"/>
  <testcase name="testOvenOfflineScenario" time="6.935" classname="tests.KenmoreOvenProductTest"/>
  <testcase name="testOvenBakeCycleStopUsingLocator" time="70.389" classname="tests.KenmoreOvenProductTest"/>
  <testcase name="testOvenSlowCookHiCycle" time="10.713" classname="tests.KenmoreOvenProductTest"/>
  <testcase name="testOvenModeListDisplayed" time="9.854" classname="tests.KenmoreOvenProductTest"/>
  <testcase name="testOvenConventionBakeCycle" time="11.728" classname="tests.KenmoreOvenProductTest"/>
  <testcase name="testOvenConventionRoastCycle" time="13.523" classname="tests.KenmoreOvenProductTest"/>
  <testcase name="testOvenSlowCookLoCycle" time="12.666" classname="tests.KenmoreOvenProductTest">
    <failure type="java.lang.AssertionError" message="expected [Slow Cook Lo] but found [Slow Cook Low]">
      <![CDATA[java.lang.AssertionError: expected [Slow Cook Lo] but found [Slow Cook Low]
at org.testng.Assert.fail(Assert.java:96)
at org.testng.Assert.failNotEquals(Assert.java:776)
at org.testng.Assert.assertEqualsImpl(Assert.java:137)
at org.testng.Assert.assertEquals(Assert.java:118)
at org.testng.Assert.assertEquals(Assert.java:453)
at org.testng.Assert.assertEquals(Assert.java:463)
at tests.KenmoreOvenProductTest.testOvenSlowCookLoCycle(KenmoreOvenProductTest.java:273)
at sun.reflect.NativeMethodAccessorImpl.invoke0(Native Method)
at sun.reflect.NativeMethodAccessorImpl.invoke(NativeMethodAccessorImpl.java:62)
at sun.reflect.DelegatingMethodAccessorImpl.invoke(DelegatingMethodAccessorImpl.java:43)
at java.lang.reflect.Method.invoke(Method.java:498)
at org.testng.internal.MethodInvocationHelper.invokeMethod(MethodInvocationHelper.java:124)
at org.testng.internal.Invoker.invokeMethod(Invoker.java:583)
at org.testng.internal.Invoker.invokeTestMethod(Invoker.java:719)
at org.testng.internal.Invoker.invokeTestMethods(Invoker.java:989)
at org.testng.internal.TestMethodWorker.invokeTestMethods(TestMethodWorker.java:125)
at org.testng.internal.TestMethodWorker.run(TestMethodWorker.java:109)
at org.testng.TestRunner.privateRun(TestRunner.java:648)
at org.testng.TestRunner.run(TestRunner.java:505)
at org.testng.SuiteRunner.runTest(SuiteRunner.java:455)
at org.testng.SuiteRunner.runSequentially(SuiteRunner.java:450)
at org.testng.SuiteRunner.privateRun(SuiteRunner.java:415)
at org.testng.SuiteRunner.run(SuiteRunner.java:364)
at org.testng.SuiteRunnerWorker.runSuite(SuiteRunnerWorker.java:52)
at org.testng.SuiteRunnerWorker.run(SuiteRunnerWorker.java:84)
at org.testng.TestNG.runSuitesSequentially(TestNG.java:1208)
at org.testng.TestNG.runSuitesLocally(TestNG.java:1137)
at org.testng.TestNG.runSuites(TestNG.java:1049)
at org.testng.TestNG.run(TestNG.java:1017)
at org.testng.IDEARemoteTestNG.run(IDEARemoteTestNG.java:72)
at org.testng.RemoteTestNGStarter.main(RemoteTestNGStarter.java:123)
]]>
    </failure>
  </testcase> <!-- testOvenSlowCookLoCycle -->
  <testcase name="testOvenWarmAndHoldCycle" time="12.106" classname="tests.KenmoreOvenProductTest"/>
  <testcase name="testOvenBakeCycle" time="12.936" classname="tests.KenmoreOvenProductTest"/>
</testsuite> <!-- tests.KenmoreOvenProductTest -->
